Epoch: 10
	 TRAIN LOSS: 2.433907974850048
	 VALID: {'MRR': 0.8460243344306946, 'hits@[1,3,10]': tensor([0.7626, 0.9176, 0.9785])}
	 TEST: {'MRR': 0.8457109332084656, 'hits@[1,3,10]': tensor([0.7574, 0.9246, 0.9860])}
Epoch: 20
	 TRAIN LOSS: 2.4185928106307983
	 VALID: {'MRR': 0.8684122562408447, 'hits@[1,3,10]': tensor([0.7968, 0.9284, 0.9817])}
	 TEST: {'MRR': 0.8756076097488403, 'hits@[1,3,10]': tensor([0.8031, 0.9381, 0.9879])}
Epoch: 30
	 TRAIN LOSS: 2.3880409760908647
	 VALID: {'MRR': 0.872814804315567, 'hits@[1,3,10]': tensor([0.8006, 0.9368, 0.9822])}
	 TEST: {'MRR': 0.890524834394455, 'hits@[1,3,10]': tensor([0.8226, 0.9520, 0.9884])}
Epoch: 40
	 TRAIN LOSS: 2.359893029386347
	 VALID: {'MRR': 0.881509929895401, 'hits@[1,3,10]': tensor([0.8165, 0.9363, 0.9827])}
	 TEST: {'MRR': 0.8949390649795532, 'hits@[1,3,10]': tensor([0.8319, 0.9534, 0.9865])}
Epoch: 50
	 TRAIN LOSS: 2.3546041033484717
	 VALID: {'MRR': 0.885096549987793, 'hits@[1,3,10]': tensor([0.8221, 0.9419, 0.9827])}
	 TEST: {'MRR': 0.8954826295375824, 'hits@[1,3,10]': tensor([0.8319, 0.9525, 0.9879])}
Epoch: 60
	 TRAIN LOSS: 2.3548399968580767
	 VALID: {'MRR': 0.8852232992649078, 'hits@[1,3,10]': tensor([0.8207, 0.9410, 0.9817])}
	 TEST: {'MRR': 0.8937258124351501, 'hits@[1,3,10]': tensor([0.8287, 0.9553, 0.9888])}
Epoch: 70
	 TRAIN LOSS: 2.3481827540831133
	 VALID: {'MRR': 0.8857945799827576, 'hits@[1,3,10]': tensor([0.8221, 0.9438, 0.9836])}
	 TEST: {'MRR': 0.8959123194217682, 'hits@[1,3,10]': tensor([0.8329, 0.9530, 0.9893])}
Epoch: 80
	 TRAIN LOSS: 2.3448452190919356
	 VALID: {'MRR': 0.8851632475852966, 'hits@[1,3,10]': tensor([0.8216, 0.9434, 0.9827])}
	 TEST: {'MRR': 0.8947611451148987, 'hits@[1,3,10]': tensor([0.8301, 0.9548, 0.9893])}
Epoch: 90
	 TRAIN LOSS: 2.3491135077043013
	 VALID: {'MRR': 0.8878110945224762, 'hits@[1,3,10]': tensor([0.8258, 0.9448, 0.9827])}
	 TEST: {'MRR': 0.8954950571060181, 'hits@[1,3,10]': tensor([0.8305, 0.9558, 0.9888])}
Epoch: 100
	 TRAIN LOSS: 2.3439991799267856
	 VALID: {'MRR': 0.8869713842868805, 'hits@[1,3,10]': tensor([0.8244, 0.9438, 0.9827])}
	 TEST: {'MRR': 0.8938499093055725, 'hits@[1,3,10]': tensor([0.8296, 0.9539, 0.9888])}
Epoch: 110
	 TRAIN LOSS: 2.3465771675109863
	 VALID: {'MRR': 0.8864623308181763, 'hits@[1,3,10]': tensor([0.8235, 0.9415, 0.9827])}
	 TEST: {'MRR': 0.8947207629680634, 'hits@[1,3,10]': tensor([0.8310, 0.9558, 0.9884])}
Epoch: 120
	 TRAIN LOSS: 2.3464853546836157
	 VALID: {'MRR': 0.8865937888622284, 'hits@[1,3,10]': tensor([0.8226, 0.9452, 0.9831])}
	 TEST: {'MRR': 0.8963517844676971, 'hits@[1,3,10]': tensor([0.8329, 0.9553, 0.9884])}
Epoch: 130
	 TRAIN LOSS: 2.3474836999719795
	 VALID: {'MRR': 0.8842967450618744, 'hits@[1,3,10]': tensor([0.8193, 0.9410, 0.9822])}
	 TEST: {'MRR': 0.8950533270835876, 'hits@[1,3,10]': tensor([0.8315, 0.9548, 0.9888])}
Epoch: 140
	 TRAIN LOSS: 2.3494327176700938
	 VALID: {'MRR': 0.8854037821292877, 'hits@[1,3,10]': tensor([0.8212, 0.9429, 0.9827])}
	 TEST: {'MRR': 0.8946481943130493, 'hits@[1,3,10]': tensor([0.8301, 0.9548, 0.9884])}
Epoch: 150
	 TRAIN LOSS: 2.353356350551952
	 VALID: {'MRR': 0.8842219412326813, 'hits@[1,3,10]': tensor([0.8188, 0.9429, 0.9836])}
	 TEST: {'MRR': 0.8959150016307831, 'hits@[1,3,10]': tensor([0.8324, 0.9553, 0.9879])}
Epoch: 160
	 TRAIN LOSS: 2.3563736352053555
	 VALID: {'MRR': 0.8847259879112244, 'hits@[1,3,10]': tensor([0.8198, 0.9419, 0.9827])}
	 TEST: {'MRR': 0.8938777148723602, 'hits@[1,3,10]': tensor([0.8287, 0.9548, 0.9879])}
Epoch: 170
	 TRAIN LOSS: 2.3580412647940894
	 VALID: {'MRR': 0.8827439546585083, 'hits@[1,3,10]': tensor([0.8160, 0.9443, 0.9827])}
	 TEST: {'MRR': 0.8971337974071503, 'hits@[1,3,10]': tensor([0.8347, 0.9548, 0.9884])}
Epoch: 180
	 TRAIN LOSS: 2.3634567477486352
	 VALID: {'MRR': 0.8843131959438324, 'hits@[1,3,10]': tensor([0.8193, 0.9419, 0.9831])}
	 TEST: {'MRR': 0.8955762982368469, 'hits@[1,3,10]': tensor([0.8319, 0.9544, 0.9884])}
Epoch: 190
	 TRAIN LOSS: 2.363193707032637
	 VALID: {'MRR': 0.8853919506072998, 'hits@[1,3,10]': tensor([0.8221, 0.9405, 0.9827])}
	 TEST: {'MRR': 0.894745260477066, 'hits@[1,3,10]': tensor([0.8305, 0.9544, 0.9874])}
Epoch: 200
	 TRAIN LOSS: 2.3636205846613105
	 VALID: {'MRR': 0.8856435716152191, 'hits@[1,3,10]': tensor([0.8212, 0.9434, 0.9831])}
	 TEST: {'MRR': 0.895708292722702, 'hits@[1,3,10]': tensor([0.8324, 0.9548, 0.9879])}
