Epoch: 10
	 TRAIN LOSS: 0.1679023334925825
	 VALID: {'MRR': 0.7034135162830353, 'hits@[1,3,10]': tensor([0.5857, 0.7757, 0.9429])}
	 TEST: {'MRR': 0.7081278562545776, 'hits@[1,3,10]': tensor([0.5903, 0.7877, 0.9423])}
Epoch: 20
	 TRAIN LOSS: 0.16154449568553406
	 VALID: {'MRR': 0.6708925366401672, 'hits@[1,3,10]': tensor([0.5454, 0.7453, 0.9242])}
	 TEST: {'MRR': 0.674784392118454, 'hits@[1,3,10]': tensor([0.5540, 0.7356, 0.9344])}
Epoch: 30
	 TRAIN LOSS: 0.1631295308470726
	 VALID: {'MRR': 0.6652360558509827, 'hits@[1,3,10]': tensor([0.5417, 0.7322, 0.9195])}
	 TEST: {'MRR': 0.6650265455245972, 'hits@[1,3,10]': tensor([0.5461, 0.7207, 0.9297])}
Epoch: 40
	 TRAIN LOSS: 0.1580614908175035
	 VALID: {'MRR': 0.6790899634361267, 'hits@[1,3,10]': tensor([0.5552, 0.7463, 0.9349])}
	 TEST: {'MRR': 0.6770189106464386, 'hits@[1,3,10]': tensor([0.5526, 0.7430, 0.9413])}
Epoch: 50
	 TRAIN LOSS: 0.15705734897743573
	 VALID: {'MRR': 0.6791375279426575, 'hits@[1,3,10]': tensor([0.5562, 0.7533, 0.9349])}
	 TEST: {'MRR': 0.6765726506710052, 'hits@[1,3,10]': tensor([0.5535, 0.7416, 0.9418])}
Epoch: 60
	 TRAIN LOSS: 0.15690529211000961
	 VALID: {'MRR': 0.6794272065162659, 'hits@[1,3,10]': tensor([0.5538, 0.7528, 0.9340])}
	 TEST: {'MRR': 0.6776370406150818, 'hits@[1,3,10]': tensor([0.5531, 0.7430, 0.9399])}
Epoch: 70
	 TRAIN LOSS: 0.15662457387555728
	 VALID: {'MRR': 0.6807521879673004, 'hits@[1,3,10]': tensor([0.5557, 0.7556, 0.9354])}
	 TEST: {'MRR': 0.6789548993110657, 'hits@[1,3,10]': tensor([0.5559, 0.7412, 0.9404])}
Epoch: 80
	 TRAIN LOSS: 0.1566374579613859
	 VALID: {'MRR': 0.6821718513965607, 'hits@[1,3,10]': tensor([0.5581, 0.7547, 0.9345])}
	 TEST: {'MRR': 0.6779734790325165, 'hits@[1,3,10]': tensor([0.5545, 0.7416, 0.9413])}
Epoch: 90
	 TRAIN LOSS: 0.15617037225853314
	 VALID: {'MRR': 0.6793105602264404, 'hits@[1,3,10]': tensor([0.5557, 0.7519, 0.9326])}
	 TEST: {'MRR': 0.6776479184627533, 'hits@[1,3,10]': tensor([0.5540, 0.7435, 0.9399])}
Epoch: 100
	 TRAIN LOSS: 0.15668684379620987
	 VALID: {'MRR': 0.6814665794372559, 'hits@[1,3,10]': tensor([0.5590, 0.7537, 0.9359])}
	 TEST: {'MRR': 0.6772725582122803, 'hits@[1,3,10]': tensor([0.5540, 0.7402, 0.9390])}
