Epoch: 10
	 VALID: {'MRR': 0.7944053113460541, 'hits@[1,3,10]': tensor([0.6873, 0.8858, 0.9757])}
	 TEST: {'MRR': 0.7967119216918945, 'hits@[1,3,10]': tensor([0.6899, 0.8827, 0.9828])}
Epoch: 20
	 VALID: {'MRR': 0.8355001509189606, 'hits@[1,3,10]': tensor([0.7430, 0.9167, 0.9808])}
	 TEST: {'MRR': 0.8517406284809113, 'hits@[1,3,10]': tensor([0.7635, 0.9306, 0.9860])}
Epoch: 30
	 VALID: {'MRR': 0.87473464012146, 'hits@[1,3,10]': tensor([0.8024, 0.9373, 0.9808])}
	 TEST: {'MRR': 0.8838537633419037, 'hits@[1,3,10]': tensor([0.8138, 0.9465, 0.9884])}
Epoch: 40
	 VALID: {'MRR': 0.8805495202541351, 'hits@[1,3,10]': tensor([0.8113, 0.9415, 0.9831])}
	 TEST: {'MRR': 0.8939582705497742, 'hits@[1,3,10]': tensor([0.8264, 0.9595, 0.9879])}
Epoch: 50
	 VALID: {'MRR': 0.8824973106384277, 'hits@[1,3,10]': tensor([0.8160, 0.9396, 0.9822])}
	 TEST: {'MRR': 0.8939135372638702, 'hits@[1,3,10]': tensor([0.8291, 0.9562, 0.9879])}
Epoch: 60
	 VALID: {'MRR': 0.8847998380661011, 'hits@[1,3,10]': tensor([0.8207, 0.9415, 0.9813])}
	 TEST: {'MRR': 0.8984972834587097, 'hits@[1,3,10]': tensor([0.8375, 0.9539, 0.9888])}
Epoch: 70
	 VALID: {'MRR': 0.8885223269462585, 'hits@[1,3,10]': tensor([0.8258, 0.9429, 0.9836])}
	 TEST: {'MRR': 0.8974852859973907, 'hits@[1,3,10]': tensor([0.8352, 0.9572, 0.9879])}
Epoch: 80
	 VALID: {'MRR': 0.8880787491798401, 'hits@[1,3,10]': tensor([0.8235, 0.9462, 0.9836])}
	 TEST: {'MRR': 0.8998266160488129, 'hits@[1,3,10]': tensor([0.8385, 0.9590, 0.9884])}
Epoch: 90
	 VALID: {'MRR': 0.8891995847225189, 'hits@[1,3,10]': tensor([0.8263, 0.9443, 0.9841])}
	 TEST: {'MRR': 0.9012767970561981, 'hits@[1,3,10]': tensor([0.8412, 0.9590, 0.9884])}
Epoch: 100
	 VALID: {'MRR': 0.8925877213478088, 'hits@[1,3,10]': tensor([0.8333, 0.9419, 0.9841])}
	 TEST: {'MRR': 0.9009222090244293, 'hits@[1,3,10]': tensor([0.8403, 0.9600, 0.9870])}
Epoch: 110
	 VALID: {'MRR': 0.8907920718193054, 'hits@[1,3,10]': tensor([0.8301, 0.9419, 0.9831])}
	 TEST: {'MRR': 0.8996948301792145, 'hits@[1,3,10]': tensor([0.8380, 0.9595, 0.9870])}
Epoch: 120
	 VALID: {'MRR': 0.8916524648666382, 'hits@[1,3,10]': tensor([0.8315, 0.9415, 0.9841])}
	 TEST: {'MRR': 0.8996134996414185, 'hits@[1,3,10]': tensor([0.8380, 0.9581, 0.9865])}
Epoch: 130
	 VALID: {'MRR': 0.8900407254695892, 'hits@[1,3,10]': tensor([0.8291, 0.9419, 0.9836])}
	 TEST: {'MRR': 0.8982407450675964, 'hits@[1,3,10]': tensor([0.8361, 0.9581, 0.9865])}
Epoch: 140
	 VALID: {'MRR': 0.8903656899929047, 'hits@[1,3,10]': tensor([0.8291, 0.9429, 0.9836])}
	 TEST: {'MRR': 0.9008584916591644, 'hits@[1,3,10]': tensor([0.8403, 0.9576, 0.9874])}
Epoch: 150
	 VALID: {'MRR': 0.8906612992286682, 'hits@[1,3,10]': tensor([0.8305, 0.9419, 0.9836])}
	 TEST: {'MRR': 0.899997353553772, 'hits@[1,3,10]': tensor([0.8394, 0.9581, 0.9865])}
Epoch: 160
	 VALID: {'MRR': 0.8906185030937195, 'hits@[1,3,10]': tensor([0.8301, 0.9419, 0.9831])}
	 TEST: {'MRR': 0.8985219299793243, 'hits@[1,3,10]': tensor([0.8361, 0.9581, 0.9865])}
Epoch: 170
	 VALID: {'MRR': 0.8909830749034882, 'hits@[1,3,10]': tensor([0.8301, 0.9429, 0.9836])}
	 TEST: {'MRR': 0.8983180522918701, 'hits@[1,3,10]': tensor([0.8361, 0.9576, 0.9865])}
Epoch: 180
	 VALID: {'MRR': 0.8894346058368683, 'hits@[1,3,10]': tensor([0.8277, 0.9438, 0.9831])}
	 TEST: {'MRR': 0.8978052735328674, 'hits@[1,3,10]': tensor([0.8347, 0.9586, 0.9870])}
Epoch: 190
	 VALID: {'MRR': 0.889418214559555, 'hits@[1,3,10]': tensor([0.8268, 0.9438, 0.9836])}
	 TEST: {'MRR': 0.8989289104938507, 'hits@[1,3,10]': tensor([0.8366, 0.9576, 0.9870])}
Epoch: 200
	 VALID: {'MRR': 0.8887226581573486, 'hits@[1,3,10]': tensor([0.8263, 0.9424, 0.9836])}
	 TEST: {'MRR': 0.9000486135482788, 'hits@[1,3,10]': tensor([0.8385, 0.9576, 0.9870])}
