Epoch: 10
	 TRAIN LOSS: 2.701091701334173
	 VALID: {'MRR': 0.8094337284564972, 'hits@[1,3,10]': tensor([0.7055, 0.8993, 0.9761])}
	 TEST: {'MRR': 0.8076426684856415, 'hits@[1,3,10]': tensor([0.7016, 0.8976, 0.9823])}
Epoch: 20
	 TRAIN LOSS: 2.651376962661743
	 VALID: {'MRR': 0.842484325170517, 'hits@[1,3,10]': tensor([0.7566, 0.9134, 0.9813])}
	 TEST: {'MRR': 0.8436198234558105, 'hits@[1,3,10]': tensor([0.7533, 0.9218, 0.9828])}
Epoch: 30
	 TRAIN LOSS: 2.599777666005221
	 VALID: {'MRR': 0.8580267429351807, 'hits@[1,3,10]': tensor([0.7776, 0.9242, 0.9827])}
	 TEST: {'MRR': 0.8672815263271332, 'hits@[1,3,10]': tensor([0.7900, 0.9353, 0.9884])}
Epoch: 40
	 TRAIN LOSS: 2.5771423795006494
	 VALID: {'MRR': 0.8695747256278992, 'hits@[1,3,10]': tensor([0.7949, 0.9373, 0.9827])}
	 TEST: {'MRR': 0.8789140284061432, 'hits@[1,3,10]': tensor([0.8082, 0.9413, 0.9856])}
Epoch: 50
	 TRAIN LOSS: 2.563882058317011
	 VALID: {'MRR': 0.871322751045227, 'hits@[1,3,10]': tensor([0.7987, 0.9335, 0.9817])}
	 TEST: {'MRR': 0.8835458159446716, 'hits@[1,3,10]': tensor([0.8147, 0.9465, 0.9846])}
Epoch: 60
	 TRAIN LOSS: 2.555100744420832
	 VALID: {'MRR': 0.8732607364654541, 'hits@[1,3,10]': tensor([0.8010, 0.9359, 0.9827])}
	 TEST: {'MRR': 0.8807156682014465, 'hits@[1,3,10]': tensor([0.8101, 0.9460, 0.9846])}
Epoch: 70
	 TRAIN LOSS: 2.553333109075373
	 VALID: {'MRR': 0.8722802400588989, 'hits@[1,3,10]': tensor([0.7992, 0.9359, 0.9831])}
	 TEST: {'MRR': 0.8812341392040253, 'hits@[1,3,10]': tensor([0.8096, 0.9469, 0.9851])}
Epoch: 80
	 TRAIN LOSS: 2.553586017001759
	 VALID: {'MRR': 0.8735420405864716, 'hits@[1,3,10]': tensor([0.8024, 0.9349, 0.9827])}
	 TEST: {'MRR': 0.882536381483078, 'hits@[1,3,10]': tensor([0.8128, 0.9460, 0.9846])}
Epoch: 90
	 TRAIN LOSS: 2.549459945071827
	 VALID: {'MRR': 0.871873527765274, 'hits@[1,3,10]': tensor([0.7987, 0.9359, 0.9836])}
	 TEST: {'MRR': 0.8834823071956635, 'hits@[1,3,10]': tensor([0.8142, 0.9460, 0.9851])}
Epoch: 100
	 TRAIN LOSS: 2.5485223314978858
	 VALID: {'MRR': 0.8718727231025696, 'hits@[1,3,10]': tensor([0.7987, 0.9359, 0.9831])}
	 TEST: {'MRR': 0.8832646608352661, 'hits@[1,3,10]': tensor([0.8142, 0.9469, 0.9842])}
Epoch: 110
	 TRAIN LOSS: 2.5515091202475806
	 VALID: {'MRR': 0.870052695274353, 'hits@[1,3,10]': tensor([0.7954, 0.9354, 0.9831])}
	 TEST: {'MRR': 0.8830213844776154, 'hits@[1,3,10]': tensor([0.8128, 0.9474, 0.9851])}
Epoch: 120
	 TRAIN LOSS: 2.5526117845015093
	 VALID: {'MRR': 0.8714417815208435, 'hits@[1,3,10]': tensor([0.7978, 0.9349, 0.9822])}
	 TEST: {'MRR': 0.8833099007606506, 'hits@[1,3,10]': tensor([0.8147, 0.9451, 0.9846])}
Epoch: 130
	 TRAIN LOSS: 2.557897383516485
	 VALID: {'MRR': 0.871765524148941, 'hits@[1,3,10]': tensor([0.7978, 0.9363, 0.9827])}
	 TEST: {'MRR': 0.8823696970939636, 'hits@[1,3,10]': tensor([0.8124, 0.9469, 0.9846])}
Epoch: 140
	 TRAIN LOSS: 2.564666845581748
	 VALID: {'MRR': 0.8713074624538422, 'hits@[1,3,10]': tensor([0.7978, 0.9335, 0.9822])}
	 TEST: {'MRR': 0.8822445571422577, 'hits@[1,3,10]': tensor([0.8128, 0.9451, 0.9842])}
Epoch: 150
	 TRAIN LOSS: 2.5657815608111294
	 VALID: {'MRR': 0.869729608297348, 'hits@[1,3,10]': tensor([0.7954, 0.9312, 0.9817])}
	 TEST: {'MRR': 0.8816469013690948, 'hits@[1,3,10]': tensor([0.8119, 0.9455, 0.9837])}
Epoch: 160
	 TRAIN LOSS: 2.565733617002314
	 VALID: {'MRR': 0.8699433207511902, 'hits@[1,3,10]': tensor([0.7954, 0.9340, 0.9827])}
	 TEST: {'MRR': 0.881615549325943, 'hits@[1,3,10]': tensor([0.8124, 0.9451, 0.9837])}
Epoch: 170
	 TRAIN LOSS: 2.576899777759205
	 VALID: {'MRR': 0.867534726858139, 'hits@[1,3,10]': tensor([0.7917, 0.9312, 0.9831])}
	 TEST: {'MRR': 0.8818381130695343, 'hits@[1,3,10]': tensor([0.8124, 0.9432, 0.9842])}
Epoch: 180
	 TRAIN LOSS: 2.5808886939829048
	 VALID: {'MRR': 0.867933988571167, 'hits@[1,3,10]': tensor([0.7917, 0.9321, 0.9827])}
	 TEST: {'MRR': 0.8818560540676117, 'hits@[1,3,10]': tensor([0.8128, 0.9446, 0.9837])}
Epoch: 190
	 TRAIN LOSS: 2.5862546183846216
	 VALID: {'MRR': 0.8689011633396149, 'hits@[1,3,10]': tensor([0.7949, 0.9312, 0.9827])}
	 TEST: {'MRR': 0.8813104331493378, 'hits@[1,3,10]': tensor([0.8124, 0.9427, 0.9842])}
Epoch: 200
	 TRAIN LOSS: 2.5914240858771582
	 VALID: {'MRR': 0.8649833500385284, 'hits@[1,3,10]': tensor([0.7875, 0.9302, 0.9831])}
	 TEST: {'MRR': 0.8806359767913818, 'hits@[1,3,10]': tensor([0.8115, 0.9427, 0.9842])}
